<?xml version="1.0" encoding="UTF-8"?>
<!-- Generated by org.testng.reporters.JUnitReportReporter -->
<testsuite skipped="0" hostname="DESKTOP-FN5A35D" name="tests.zeynepDeneme" tests="1" failures="0" timestamp="17 Ara 2018 15:58:57 GMT" time="19.918" errors="0">
  <testcase name="test_CreateOrder" time="19.918" classname="tests.zeynepDeneme"/>
</testsuite> <!-- tests.zeynepDeneme -->
