<?xml version="1.0" encoding="UTF-8"?>
<!-- Generated by org.testng.reporters.JUnitReportReporter -->
<testsuite skipped="0" hostname="DESKTOP-FN5A35D" name="tests.MasterOdemeMethodlari" tests="1" failures="0" timestamp="29 Oca 2019 07:57:28 GMT" time="49.772" errors="0">
  <testcase name="test_Login" time="49.772" classname="tests.MasterOdemeMethodlari"/>
</testsuite> <!-- tests.MasterOdemeMethodlari -->
