<?xml version="1.0" encoding="UTF-8"?>
<!-- Generated by org.testng.reporters.JUnitReportReporter -->
<testsuite skipped="0" hostname="DESKTOP-FN5A35D" name="tests.MasterSirketler" tests="1" failures="0" timestamp="29 Oca 2019 10:39:29 GMT" time="58.109" errors="0">
  <testcase name="test_Login" time="58.109" classname="tests.MasterSirketler"/>
</testsuite> <!-- tests.MasterSirketler -->
