<?xml version="1.0" encoding="UTF-8"?>
<!-- Generated by org.testng.reporters.JUnitReportReporter -->
<testsuite skipped="0" hostname="DESKTOP-FN5A35D" name="tests.MasterMutfak" tests="1" failures="0" timestamp="14 Oca 2019 12:14:51 GMT" time="32.033" errors="0">
  <testcase name="test_Login" time="32.033" classname="tests.MasterMutfak"/>
</testsuite> <!-- tests.MasterMutfak -->
