<?xml version="1.0" encoding="UTF-8"?>
<!-- Generated by org.testng.reporters.JUnitReportReporter -->
<testsuite skipped="0" hostname="DESKTOP-FN5A35D" name="tests.RestoranOperations" tests="1" failures="0" timestamp="17 Ara 2018 15:58:57 GMT" time="9.032" errors="0">
  <testcase name="test_CreateOrder" time="9.032" classname="tests.RestoranOperations"/>
</testsuite> <!-- tests.RestoranOperations -->
