<?xml version="1.0" encoding="UTF-8"?>
<!-- Generated by org.testng.reporters.JUnitReportReporter -->
<testsuite skipped="0" hostname="DESKTOP-FN5A35D" name="tests.MasterLogin" tests="1" failures="0" timestamp="09 Oca 2019 12:59:45 GMT" time="33.981" errors="0">
  <testcase name="test_Login" time="33.981" classname="tests.MasterLogin"/>
</testsuite> <!-- tests.MasterLogin -->
