<?xml version="1.0" encoding="UTF-8"?>
<!-- Generated by org.testng.reporters.JUnitReportReporter -->
<testsuite skipped="0" hostname="DESKTOP-I01P9H6" name="tests.ComputerDatabase" tests="1" failures="0" timestamp="28 Åžub 2019 16:59:35 GMT" time="12.672" errors="0">
  <testcase name="test_Login" time="12.672" classname="tests.ComputerDatabase"/>
</testsuite> <!-- tests.ComputerDatabase -->
