<?xml version="1.0" encoding="UTF-8"?>
<!-- Generated by org.testng.reporters.JUnitReportReporter -->
<testsuite skipped="0" hostname="DESKTOP-FN5A35D" name="tests.addToFavorite" tests="1" failures="0" timestamp="18 Ara 2018 12:12:06 GMT" time="34.360" errors="0">
  <testcase name="test_CreateOrder" time="34.360" classname="tests.addToFavorite"/>
</testsuite> <!-- tests.addToFavorite -->
