<?xml version="1.0" encoding="UTF-8"?>
<!-- Generated by org.testng.reporters.JUnitReportReporter -->
<testsuite skipped="0" hostname="DESKTOP-FN5A35D" name="tests.MasterRestoranlar" tests="1" failures="0" timestamp="29 Oca 2019 11:24:44 GMT" time="118.818" errors="0">
  <testcase name="test_Login" time="118.818" classname="tests.MasterRestoranlar"/>
</testsuite> <!-- tests.MasterRestoranlar -->
