<?xml version="1.0" encoding="UTF-8"?>
<!-- Generated by org.testng.reporters.JUnitReportReporter -->
<testsuite skipped="0" hostname="DESKTOP-FN5A35D" name="tests.MasterSehirler" tests="1" failures="0" timestamp="28 Oca 2019 12:42:23 GMT" time="54.005" errors="0">
  <testcase name="test_Login" time="54.005" classname="tests.MasterSehirler"/>
</testsuite> <!-- tests.MasterSehirler -->
